<?xml version="1.0" encoding="UTF-8"?>
<testsuite xmlns:xsi="http://www.w3.org/2001/XMLSchema-instance" xsi:noNamespaceSchemaLocation="https://maven.apache.org/surefire/maven-surefire-plugin/xsd/surefire-test-report-3.0.xsd" version="3.0" name="PhoneBookTest" time="0.081" tests="8" errors="0" skipped="0" failures="0">
  <properties>
[...]
</properties>
  <testcase name="testFindByNumber(String, String, String, String, String)[1]" classname="PhoneBookTest" time="0.028">
    <system-out><![CDATA[before test
test findByNumber
after test
]]></system-out>
  </testcase>
  <testcase name="testFindByNumber(String, String, String, String, String)[2]" classname="PhoneBookTest" time="0.002">
    <system-out><![CDATA[before test
test findByNumber
after test
]]></system-out>
  </testcase>
  <testcase name="testAdd(int, String, String, String, String)[1]" classname="PhoneBookTest" time="0.001">
    <system-out><![CDATA[before test
test add
after test
]]></system-out>
  </testcase>
  <testcase name="testAdd(int, String, String, String, String)[2]" classname="PhoneBookTest" time="0">
    <system-out><![CDATA[before test
test add
after test
]]></system-out>
  </testcase>
  <testcase name="testFindByName(String, String, String, String, String)[1]" classname="PhoneBookTest" time="0.001">
    <system-out><![CDATA[before test
test findByName
after test
]]></system-out>
  </testcase>
  <testcase name="testFindByName(String, String, String, String, String)[2]" classname="PhoneBookTest" time="0">
    <system-out><![CDATA[before test
test findByName
after test
]]></system-out>
  </testcase>
  <testcase name="testPrintAllNames(List, String, String, String, String)[1]" classname="PhoneBookTest" time="0.003">
    <system-out><![CDATA[before test
test printAllNames
after test
]]></system-out>
  </testcase>
  <testcase name="testPrintAllNames(List, String, String, String, String)[2]" classname="PhoneBookTest" time="0.001">
    <system-out><![CDATA[before test
test printAllNames
after test
]]></system-out>
  </testcase>
</testsuite>